This is pdfTeX, Version 3.14159265-2.6-1.40.15 (TeX Live 2014) (preloaded format=pdflatex 2014.5.25)  15 OCT 2015 14:14
entering extended mode
 restricted \write18 enabled.
 file:line:error style messages enabled.
 %&-line parsing enabled.
**tesis7.tex
(./tesis7.tex
LaTeX2e <2014/05/01>
Babel <3.9k> and hyphenation patterns for 78 languages loaded.
(/usr/local/texlive/2014/texmf-dist/tex/latex/memoir/memoir.cls
Document Class: memoir 2013/05/30 v3.7b configurable book, report, article docu
ment class
\onelineskip=\skip41
\lxvchars=\skip42
\xlvchars=\skip43
\@memcnta=\count79
\c@@memmarkcntra=\count80
(/usr/local/texlive/2014/texmf-dist/tex/generic/oberdiek/ifpdf.sty
Package: ifpdf 2011/01/30 v2.3 Provides the ifpdf switch (HO)
Package ifpdf Info: pdfTeX in PDF mode is detected.
)
(/usr/local/texlive/2014/texmf-dist/tex/latex/ifetex/ifetex.sty
Package: ifetex 2011/12/15 v1.2 ifetex

(/usr/local/texlive/2014/texmf-dist/tex/plain/ifetex/ifetex.tex))
(/usr/local/texlive/2014/texmf-dist/tex/generic/ifxetex/ifxetex.sty
Package: ifxetex 2010/09/12 v0.6 Provides ifxetex conditional
)
(/usr/local/texlive/2014/texmf-dist/tex/generic/oberdiek/ifluatex.sty
Package: ifluatex 2010/03/01 v1.3 Provides the ifluatex switch (HO)
Package ifluatex Info: LuaTeX not detected.
)
\stockheight=\skip44
\stockwidth=\skip45
\trimtop=\skip46
\trimedge=\skip47

(/usr/local/texlive/2014/texmf-dist/tex/latex/etex-pkg/etex.sty
Package: etex 1998/03/26 v2.0 eTeX basic definition package (PEB)
\et@xins=\count81
)
(/usr/local/texlive/2014/texmf-dist/tex/latex/memoir/mem12.clo
File: mem12.clo 2010/10/19 v0.4b memoir class 12pt size option
)
\binding=\skip48
\spinemargin=\skip49
\foremargin=\skip50
\uppermargin=\skip51
\lowermargin=\skip52
\headdrop=\skip53
\normalrulethickness=\skip54
\mem@maxheadheight=\skip55
\mem@maxfootheight=\skip56
\headwidth=\skip57
\c@storedpagenumber=\count82
\memPD=\dimen102
\m@mabparskip=\skip58
\thanksmarkwidth=\skip59
\thanksmarksep=\skip60
\droptitle=\skip61
\c@book=\count83
\c@part=\count84
\c@chapter=\count85
\c@section=\count86
\c@subsection=\count87
\c@subsubsection=\count88
\c@paragraph=\count89
\c@subparagraph=\count90
\beforechapskip=\skip62
\midchapskip=\skip63
\afterchapskip=\skip64
\chapindent=\skip65
\bottomsectionskip=\skip66
\secindent=\skip67
\beforesecskip=\skip68
\aftersecskip=\skip69
\subsecindent=\skip70
\beforesubsecskip=\skip71
\aftersubsecskip=\skip72
\subsubsecindent=\skip73
\beforesubsubsecskip=\skip74
\aftersubsubsecskip=\skip75
\paraindent=\skip76
\beforeparaskip=\skip77
\afterparaskip=\skip78
\subparaindent=\skip79
\beforesubparaskip=\skip80
\aftersubparaskip=\skip81
\pfbreakskip=\skip82
\c@@ppsavesec=\count91
\c@@ppsaveapp=\count92
\ragrparindent=\dimen103
\everylistparindent=\dimen104
\parsepi=\skip83
\topsepi=\skip84
\itemsepi=\skip85
\parsepii=\skip86
\topsepii=\skip87
\topsepiii=\skip88
\itemsepii=\skip89
\itemsepiii=\skip90
\partopsepii=\skip91
\partopsepiii=\skip92
\m@msavetopsep=\skip93
\m@msavepartopsep=\skip94
\@enLab=\toks14
\abstitleskip=\skip95
\absleftindent=\skip96
\abs@leftindent=\dimen105
\absrightindent=\skip97
\absparindent=\skip98
\absparsep=\skip99
\c@vslineno=\count93
\c@poemline=\count94
\c@modulo@vs=\count95
\c@memfvsline=\count96
\vleftskip=\skip100
\vrightskip=\skip101
\stanzaskip=\skip102
\versewidth=\skip103
\vgap=\skip104
\vindent=\skip105
\vleftmargin=\dimen106
\c@verse=\count97
\c@chrsinstr=\count98
\beforepoemtitleskip=\skip106
\afterpoemtitleskip=\skip107
\c@poem=\count99
\beforePoemTitleskip=\skip108
\midPoemTitleskip=\skip109
\afterPoemTitleskip=\skip110
\col@sep=\dimen107
\extrarowheight=\dimen108
\NC@list=\toks15
\extratabsurround=\skip111
\backup@length=\skip112
\TX@col@width=\dimen109
\TX@old@table=\dimen110
\TX@old@col=\dimen111
\TX@target=\dimen112
\TX@delta=\dimen113
\TX@cols=\count100
\TX@ftn=\toks16
\heavyrulewidth=\dimen114
\lightrulewidth=\dimen115
\cmidrulewidth=\dimen116
\belowrulesep=\dimen117
\belowbottomsep=\dimen118
\aboverulesep=\dimen119
\abovetopsep=\dimen120
\cmidrulesep=\dimen121
\cmidrulekern=\dimen122
\defaultaddspace=\dimen123
\@cmidla=\count101
\@cmidlb=\count102
\@aboverulesep=\dimen124
\@belowrulesep=\dimen125
\@thisruleclass=\count103
\@lastruleclass=\count104
\@thisrulewidth=\dimen126
\ctableftskip=\skip113
\ctabrightskip=\skip114
\abovecolumnspenalty=\count105
\@linestogo=\count106
\@cellstogo=\count107
\@cellsincolumn=\count108
\crtok=\toks17
\@mincolumnwidth=\dimen127
\c@newflo@tctr=\count109
\mem@margin@floatbox=\box26
\@contcwidth=\skip115
\@contindw=\skip116
\abovecaptionskip=\skip117
\belowcaptionskip=\skip118
\subfloattopskip=\skip119
\subfloatcapskip=\skip120
\subfloatcaptopadj=\skip121
\subfloatbottomskip=\skip122
\subfloatlabelskip=\skip123
\subfloatcapmargin=\dimen128
\c@@contsubnum=\count110
\m@mscap@capbox=\box27
\m@mscap@fbox=\box28
\sidecapsep=\dimen129
\sidecapwidth=\dimen130
\m@m@tempdima=\dimen131
\m@mscapraise=\dimen132
\sidecapraise=\dimen133
\m@mscapmainwidth=\dimen134
\m@mscaplkern=\dimen135
\beforeepigraphskip=\skip124
\afterepigraphskip=\skip125
\epigraphwidth=\skip126
\epigraphrule=\skip127
LaTeX Info: Redefining \em on input line 7492.
LaTeX Info: Redefining \emph on input line 7500.
\tocentryskip=\skip128
\tocbaseline=\skip129
\cftparskip=\skip130
\cftbeforebookskip=\skip131
\cftbookindent=\dimen136
\cftbooknumwidth=\dimen137
\cftbeforepartskip=\skip132
\cftpartindent=\skip133
\cftpartnumwidth=\skip134
\cftbeforechapterskip=\skip135
\cftchapterindent=\skip136
\cftchapternumwidth=\skip137
\cftbeforesectionskip=\skip138
\cftsectionindent=\skip139
\cftsectionnumwidth=\skip140
\cftbeforesubsectionskip=\skip141
\cftsubsectionindent=\skip142
\cftsubsectionnumwidth=\skip143
\cftbeforesubsubsectionskip=\skip144
\cftsubsubsectionindent=\skip145
\cftsubsubsectionnumwidth=\skip146
\cftbeforeparagraphskip=\skip147
\cftparagraphindent=\skip148
\cftparagraphnumwidth=\skip149
\cftbeforesubparagraphskip=\skip150
\cftsubparagraphindent=\skip151
\cftsubparagraphnumwidth=\skip152
\prechapterprecisshift=\dimen138
\c@maxsecnumdepth=\count111
\bibindent=\dimen139
\bibitemsep=\skip153
\indexcolsep=\skip154
\indexrule=\skip155
\indexmarkstyle=\toks18
\@indexbox=\insert233
\glossarycolsep=\dimen140
\glossaryrule=\dimen141
\sideparvshift=\skip156
\sideins=\insert232
\sidebartopsep=\skip157
\sidebarhsep=\skip158
\sidebarvsep=\skip159
\sidebarwidth=\skip160
\footmarkwidth=\skip161
\footmarksep=\skip162
\footparindent=\skip163
\footinsdim=\skip164
\footinsv@r=\insert231
\@mpfootinsv@r=\insert230
\m@m@k=\count112
\m@m@h=\dimen142
\m@mipn@skip=\skip165
\sidefootins=\insert229
\sidefootadjust=\skip166
\sidefootheight=\skip167
\sidefoothsep=\skip168
\sidefootvsep=\skip169
\sidefootwidth=\skip170
\m@mdownsf=\skip171
\c@sidefootnote=\count113
\sidefootmarkwidth=\skip172
\sidefootmarksep=\skip173
\sidefootparindent=\skip174
\c@pagenote=\count114
\c@pagenoteshadow=\count115
\mem@pn@lastkern=\skip175
\every@verbatim=\toks19
\afterevery@verbatim=\toks20
\verbatim@line=\toks21
\tab@position=\count116
\verbatim@in@stream=\read1
\verbatimindent=\skip176
\verbatim@out=\write3
\bvboxsep=\skip177
\c@memfbvline=\count117
\c@bvlinectr=\count118
\bvnumlength=\skip178
\fb@frw=\dimen143
\fb@frh=\dimen144
\FrameRule=\dimen145
\FrameSep=\dimen146
\c@cp@cntr=\count119
LaTeX Info: Redefining \: on input line 11958.
LaTeX Info: Redefining \! on input line 11960.
\c@ism@mctr=\count120
\c@xsm@mctr=\count121
\c@csm@mctr=\count122
\c@ksm@mctr=\count123
\c@xksm@mctr=\count124
\c@cksm@mctr=\count125
\c@msm@mctr=\count126
\c@xmsm@mctr=\count127
\c@cmsm@mctr=\count128
\c@bsm@mctr=\count129
\c@workm@mctr=\count130
\c@sheetsequence=\count131
\c@lastsheet=\count132
\c@lastpage=\count133
\c@figure=\count134
\c@lofdepth=\count135
\cftbeforefigureskip=\skip179
\cftfigureindent=\skip180
\cftfigurenumwidth=\skip181
\c@table=\count136
\c@lotdepth=\count137
\cftbeforetableskip=\skip182
\cfttableindent=\skip183
\cfttablenumwidth=\skip184
Package abstract [2008/07/23] emulated by memoir.
Package appendix [2008/07/23] emulated by memoir.
Package array [2008/09/09] emulated by memoir.
Package booktabs [2008/07/23] emulated by memoir.
Package ccaption [2008/07/23] emulated by memoir.
Package changepage [2008/07/23] emulated by memoir.
Package chngcntr [2008/07/23] emulated by memoir.
Package chngpage [2008/07/23] emulated by memoir.
Package crop emulated by memoir.
Package dcolumn [2008/07/23] emulated by memoir.
Package delarray [2008/07/23] emulated by memoir.
Package enumerate [2008/07/23] emulated by memoir.
Package epigraph [2008/07/23] emulated by memoir.
Package ifmtarg [2008/07/23] emulated by memoir.
Package index [2008/07/23] emulated by memoir.
Package makeidx [2008/07/23] emulated by memoir.
Package moreverb [2008/07/23] emulated by memoir.
Package mparhack [2008/07/23] emulated by memoir.
Package needspace [2008/07/23] emulated by memoir.
Package newfile [2008/07/23] emulated by memoir.
Package nextpage [2008/07/23] emulated by memoir.
Package pagenote [2008/07/23] emulated by memoir.
Package parskip [2008/07/23] emulated by memoir.
Package patchcmd [2008/07/23] emulated by memoir.
Package setspace [2008/07/23] emulated by memoir.
Package shortvrb [2008/07/23] emulated by memoir.
Package showidx [2008/07/23] emulated by memoir.
Package tabularx [2008/07/23] emulated by memoir.
Package titleref [2008/07/23] emulated by memoir.
Package titling [2008/07/23] emulated by memoir.
Package tocbibind [2008/07/23] emulated by memoir.
Package tocloft [2008/07/23] emulated by memoir.
Package tocvsec2 [2008/07/23] emulated by memoir.
Package verbatim [2008/07/23] emulated by memoir.
Package verse [2008/07/23] emulated by memoir.

(/usr/local/texlive/2014/texmf-dist/tex/latex/memoir/mempatch.sty
Package: mempatch 2009/07/24 v6.0f Patches for memoir class v1.6180339
))
(/usr/local/texlive/2014/texmf-dist/tex/latex/base/inputenc.sty
Package: inputenc 2014/04/30 v1.2b Input encoding file
\inpenc@prehook=\toks22
\inpenc@posthook=\toks23

(/usr/local/texlive/2014/texmf-dist/tex/latex/ucs/utf8x.def
File: utf8x.def 2004/10/17 UCS: Input encoding UTF-8
))
(/usr/local/texlive/2014/texmf-dist/tex/latex/ucs/ucs.sty
Package: ucs 2013/05/11 v2.2 UCS: Unicode input support

(/usr/local/texlive/2014/texmf-dist/tex/latex/ucs/data/uni-global.def
File: uni-global.def 2013/05/13 UCS: Unicode global data
)
\uc@secondtry=\count138
\uc@combtoks=\toks24
\uc@combtoksb=\toks25
\uc@temptokena=\toks26
)
(/usr/local/texlive/2014/texmf-dist/tex/latex/graphics/graphicx.sty
Package: graphicx 2014/04/25 v1.0g Enhanced LaTeX Graphics (DPC,SPQR)

(/usr/local/texlive/2014/texmf-dist/tex/latex/graphics/keyval.sty
Package: keyval 2014/05/08 v1.15 key=value parser (DPC)
\KV@toks@=\toks27
)
(/usr/local/texlive/2014/texmf-dist/tex/latex/graphics/graphics.sty
Package: graphics 2009/02/05 v1.0o Standard LaTeX Graphics (DPC,SPQR)

(/usr/local/texlive/2014/texmf-dist/tex/latex/graphics/trig.sty
Package: trig 1999/03/16 v1.09 sin cos tan (DPC)
)
(/usr/local/texlive/2014/texmf-dist/tex/latex/latexconfig/graphics.cfg
File: graphics.cfg 2010/04/23 v1.9 graphics configuration of TeX Live
)
Package graphics Info: Driver file: pdftex.def on input line 91.

(/usr/local/texlive/2014/texmf-dist/tex/latex/pdftex-def/pdftex.def
File: pdftex.def 2011/05/27 v0.06d Graphics/color for pdfTeX

(/usr/local/texlive/2014/texmf-dist/tex/generic/oberdiek/infwarerr.sty
Package: infwarerr 2010/04/08 v1.3 Providing info/warning/error messages (HO)
)
(/usr/local/texlive/2014/texmf-dist/tex/generic/oberdiek/ltxcmds.sty
Package: ltxcmds 2011/11/09 v1.22 LaTeX kernel commands for general use (HO)
)
\Gread@gobject=\count139
))
\Gin@req@height=\dimen147
\Gin@req@width=\dimen148
)
(/usr/local/texlive/2014/texmf-dist/tex/generic/babel/babel.sty
Package: babel 2014/03/24 3.9k The Babel package

(/usr/local/texlive/2014/texmf-dist/tex/generic/babel-spanish/spanish.ldf
Language: spanish.ldf 2014/04/24 v5.0n Spanish support from the babel system

(/usr/local/texlive/2014/texmf-dist/tex/generic/babel/babel.def
File: babel.def 2014/03/24 3.9k Babel common definitions
\babel@savecnt=\count140
\U@D=\dimen149
)
\es@quottoks=\toks28
\es@quotdepth=\count141
Package babel Info: Making " an active character on input line 516.
Package babel Info: Making . an active character on input line 617.
Package babel Info: Making < an active character on input line 662.
Package babel Info: Making > an active character on input line 662.
))
(/usr/local/texlive/2014/texmf-dist/tex/latex/float/float.sty
Package: float 2001/11/08 v1.3d Float enhancements (AL)
\c@float@type=\count142
\float@exts=\toks29
\float@box=\box29
\@float@everytoks=\toks30
\@floatcapt=\box30
)
(/usr/local/texlive/2014/texmf-dist/tex/latex/xcolor/xcolor.sty
Package: xcolor 2007/01/21 v2.11 LaTeX color extensions (UK)

(/usr/local/texlive/2014/texmf-dist/tex/latex/latexconfig/color.cfg
File: color.cfg 2007/01/18 v1.5 color configuration of teTeX/TeXLive
)
Package xcolor Info: Driver file: pdftex.def on input line 225.
Package xcolor Info: Model `cmy' substituted by `cmy0' on input line 1337.
Package xcolor Info: Model `hsb' substituted by `rgb' on input line 1341.
Package xcolor Info: Model `RGB' extended on input line 1353.
Package xcolor Info: Model `HTML' substituted by `rgb' on input line 1355.
Package xcolor Info: Model `Hsb' substituted by `hsb' on input line 1356.
Package xcolor Info: Model `tHsb' substituted by `hsb' on input line 1357.
Package xcolor Info: Model `HSB' substituted by `hsb' on input line 1358.
Package xcolor Info: Model `Gray' substituted by `gray' on input line 1359.
Package xcolor Info: Model `wave' substituted by `hsb' on input line 1360.
)
(/usr/local/texlive/2014/texmf-dist/tex/latex/tools/calc.sty
Package: calc 2007/08/22 v4.3 Infix arithmetic (KKT,FJ)
\calc@Acount=\count143
\calc@Bcount=\count144
\calc@Adimen=\dimen150
\calc@Bdimen=\dimen151
\calc@Askip=\skip185
\calc@Bskip=\skip186
LaTeX Info: Redefining \setlength on input line 75.
LaTeX Info: Redefining \addtolength on input line 76.
\calc@Ccount=\count145
\calc@Cskip=\skip187
)
(/usr/local/texlive/2014/texmf-dist/tex/latex/amscls/amsthm.sty
Package: amsthm 2004/08/06 v2.20
\thm@style=\toks31
\thm@bodyfont=\toks32
\thm@headfont=\toks33
\thm@notefont=\toks34
\thm@headpunct=\toks35
\thm@preskip=\skip188
\thm@postskip=\skip189
\thm@headsep=\skip190
\dth@everypar=\toks36
)
(/usr/local/texlive/2014/texmf-dist/tex/latex/amsfonts/amssymb.sty
Package: amssymb 2013/01/14 v3.01 AMS font symbols

(/usr/local/texlive/2014/texmf-dist/tex/latex/amsfonts/amsfonts.sty
Package: amsfonts 2013/01/14 v3.01 Basic AMSFonts support
\@emptytoks=\toks37
\symAMSa=\mathgroup4
\symAMSb=\mathgroup5
LaTeX Font Info:    Overwriting math alphabet `\mathfrak' in version `bold'
(Font)                  U/euf/m/n --> U/euf/b/n on input line 106.
))
(/usr/local/texlive/2014/texmf-dist/tex/latex/amsmath/amsmath.sty
Package: amsmath 2013/01/14 v2.14 AMS math features
\@mathmargin=\skip191

For additional information on amsmath, use the `?' option.
(/usr/local/texlive/2014/texmf-dist/tex/latex/amsmath/amstext.sty
Package: amstext 2000/06/29 v2.01

(/usr/local/texlive/2014/texmf-dist/tex/latex/amsmath/amsgen.sty
File: amsgen.sty 1999/11/30 v2.0
\@emptytoks=\toks38
\ex@=\dimen152
))
(/usr/local/texlive/2014/texmf-dist/tex/latex/amsmath/amsbsy.sty
Package: amsbsy 1999/11/29 v1.2d
\pmbraise@=\dimen153
)
(/usr/local/texlive/2014/texmf-dist/tex/latex/amsmath/amsopn.sty
Package: amsopn 1999/12/14 v2.01 operator names
)
\inf@bad=\count146
LaTeX Info: Redefining \frac on input line 210.
\uproot@=\count147
\leftroot@=\count148
LaTeX Info: Redefining \overline on input line 306.
\classnum@=\count149
\DOTSCASE@=\count150
LaTeX Info: Redefining \ldots on input line 378.
LaTeX Info: Redefining \dots on input line 381.
LaTeX Info: Redefining \cdots on input line 466.
\Mathstrutbox@=\box31
\strutbox@=\box32
\big@size=\dimen154
LaTeX Font Info:    Redeclaring font encoding OML on input line 566.
LaTeX Font Info:    Redeclaring font encoding OMS on input line 567.
\macc@depth=\count151
\c@MaxMatrixCols=\count152
\dotsspace@=\muskip10
\c@parentequation=\count153
\dspbrk@lvl=\count154
\tag@help=\toks39
\row@=\count155
\column@=\count156
\maxfields@=\count157
\andhelp@=\toks40
\eqnshift@=\dimen155
\alignsep@=\dimen156
\tagshift@=\dimen157
\tagwidth@=\dimen158
\totwidth@=\dimen159
\lineht@=\dimen160
\@envbody=\toks41
\multlinegap=\skip192
\multlinetaggap=\skip193
\mathdisplay@stack=\toks42
LaTeX Info: Redefining \[ on input line 2665.
LaTeX Info: Redefining \] on input line 2666.
)
(/usr/local/texlive/2014/texmf-dist/tex/latex/tools/multicol.sty
Package: multicol 2014/04/23 v1.8e multicolumn formatting (FMi)
\c@tracingmulticols=\count158
\mult@box=\box33
\multicol@leftmargin=\dimen161
\c@unbalance=\count159
\c@collectmore=\count160
\doublecol@number=\count161
\multicoltolerance=\count162
\multicolpretolerance=\count163
\full@width=\dimen162
\page@free=\dimen163
\premulticols=\dimen164
\postmulticols=\dimen165
\multicolsep=\skip194
\multicolbaselineskip=\skip195
\partial@page=\box34
\last@line=\box35
\maxbalancingoverflow=\dimen166
\mult@rightbox=\box36
\mult@grightbox=\box37
\mult@gfirstbox=\box38
\mult@firstbox=\box39
\@tempa=\box40
\@tempa=\box41
\@tempa=\box42
\@tempa=\box43
\@tempa=\box44
\@tempa=\box45
\@tempa=\box46
\@tempa=\box47
\@tempa=\box48
\@tempa=\box49
\@tempa=\box50
\@tempa=\box51
\@tempa=\box52
\@tempa=\box53
\@tempa=\box54
\@tempa=\box55
\@tempa=\box56
\c@columnbadness=\count164
\c@finalcolumnbadness=\count165
\last@try=\dimen167
\multicolovershoot=\dimen168
\multicolundershoot=\dimen169
\mult@nat@firstbox=\box57
\colbreak@box=\box58
\mc@col@check@num=\count166
)
(/usr/local/texlive/2014/texmf-dist/tex/latex/algorithms/algorithm.sty
Package: algorithm 2009/08/24 v0.1 Document Style `algorithm' - floating enviro
nment

(/usr/local/texlive/2014/texmf-dist/tex/latex/base/ifthen.sty
Package: ifthen 2001/05/26 v1.1c Standard LaTeX ifthen package (DPC)
)
\@float@every@algorithm=\toks43
\c@algorithm=\count167
)
(/usr/local/texlive/2014/texmf-dist/tex/latex/algorithmicx/algpseudocode.sty
Package: algpseudocode 

(/usr/local/texlive/2014/texmf-dist/tex/latex/algorithmicx/algorithmicx.sty
Package: algorithmicx 2005/04/27 v1.2 Algorithmicx

Document Style algorithmicx 1.2 - a greatly improved `algorithmic' style
\c@ALG@line=\count168
\c@ALG@rem=\count169
\c@ALG@nested=\count170
\ALG@tlm=\skip196
\ALG@thistlm=\skip197
\c@ALG@Lnr=\count171
\c@ALG@blocknr=\count172
\c@ALG@storecount=\count173
\c@ALG@tmpcounter=\count174
\ALG@tmplength=\skip198
)
Document Style - pseudocode environments for use with the `algorithmicx' style
) (/usr/local/texlive/2014/texmf-dist/tex/latex/natbib/natbib.sty
Package: natbib 2010/09/13 8.31b (PWD, AO)
\bibhang=\skip199
\bibsep=\skip200
LaTeX Info: Redefining \cite on input line 694.
\c@NAT@ctr=\count175
)

******************************************************
Stock height and width: 794.96999pt by 614.295pt
Top and edge trims: 0pt and 0pt
Page height and width: 794.96999pt by 611.73424pt
Text height and width: 615.2023pt by 444pt
Spine and edge margins: 86.72377pt and 81.01047pt
Upper and lower margins: 85.35826pt and 94.40942pt
Headheight and headsep: 14.5pt and 29pt
Footskip: 29pt
Columnsep and columnseprule: 10pt and 0pt
Marginparsep and marginparwidth: 7pt and 67.01047pt
Sidecapsep and sidecapwidth: 7pt and 50pt
Sidebarhsep and sidebarwidth: 7pt and 50pt
Sidebarvsep and sidebartopsep: 14.5pt and 0pt
Sidebarheight: 546.64995pt
Sidefoothsep and sidefootwidth: 7pt and 50pt
Sidefootvsep and sidefootheight: 14.5pt and 546.64995pt
******************************************************

(/usr/local/texlive/2014/texmf-dist/tex/latex/url/url.sty
\Urlmuskip=\muskip11
Package: url 2013/09/16  ver 3.4  Verb mode for urls, etc.
)
(/usr/local/texlive/2014/texmf-dist/tex/latex/listings/listings.sty
\lst@mode=\count176
\lst@gtempboxa=\box59
\lst@token=\toks44
\lst@length=\count177
\lst@currlwidth=\dimen170
\lst@column=\count178
\lst@pos=\count179
\lst@lostspace=\dimen171
\lst@width=\dimen172
\lst@newlines=\count180
\lst@lineno=\count181
\lst@maxwidth=\dimen173

(/usr/local/texlive/2014/texmf-dist/tex/latex/listings/lstmisc.sty
File: lstmisc.sty 2014/03/04 1.5c (Carsten Heinz)
\c@lstnumber=\count182
\lst@skipnumbers=\count183
\lst@framebox=\box60
)
(/usr/local/texlive/2014/texmf-dist/tex/latex/listings/listings.cfg
File: listings.cfg 2014/03/04 1.5c listings configuration
))
Package: listings 2014/03/04 1.5c (Carsten Heinz)

(/usr/local/texlive/2014/texmf-dist/tex/latex/psnfss/pifont.sty
Package: pifont 2005/04/12 PSNFSS-v9.2a Pi font support (SPQR) 
LaTeX Font Info:    Try loading font information for U+pzd on input line 63.

(/usr/local/texlive/2014/texmf-dist/tex/latex/psnfss/upzd.fd
File: upzd.fd 2001/06/04 font definitions for U/pzd.
)
LaTeX Font Info:    Try loading font information for U+psy on input line 64.

(/usr/local/texlive/2014/texmf-dist/tex/latex/psnfss/upsy.fd
File: upsy.fd 2001/06/04 font definitions for U/psy.
))
(/usr/local/texlive/2014/texmf-dist/tex/latex/bbding/bbding.sty
Package: bbding 1999/04/15 v1.01 Dingbats symbols
) (./tesis7.aux
LaTeX Info: Redefining \. on input line 9.
LaTeX Info: Redefining \% on input line 9.
)
\openout1 = `tesis7.aux'.

LaTeX Font Info:    Checking defaults for OML/cmm/m/it on input line 126.
LaTeX Font Info:    ... okay on input line 126.
LaTeX Font Info:    Checking defaults for T1/cmr/m/n on input line 126.
LaTeX Font Info:    ... okay on input line 126.
LaTeX Font Info:    Checking defaults for OT1/cmr/m/n on input line 126.
LaTeX Font Info:    ... okay on input line 126.
LaTeX Font Info:    Checking defaults for OMS/cmsy/m/n on input line 126.
LaTeX Font Info:    ... okay on input line 126.
LaTeX Font Info:    Checking defaults for OMX/cmex/m/n on input line 126.
LaTeX Font Info:    ... okay on input line 126.
LaTeX Font Info:    Checking defaults for U/cmr/m/n on input line 126.
LaTeX Font Info:    ... okay on input line 126.
(/usr/local/texlive/2014/texmf-dist/tex/latex/ucs/ucsencs.def
File: ucsencs.def 2011/01/21 Fixes to fontencodings LGR, T3
)
(/usr/local/texlive/2014/texmf-dist/tex/context/base/supp-pdf.mkii
[Loading MPS to PDF converter (version 2006.09.02).]
\scratchcounter=\count184
\scratchdimen=\dimen174
\scratchbox=\box61
\nofMPsegments=\count185
\nofMParguments=\count186
\everyMPshowfont=\toks45
\MPscratchCnt=\count187
\MPscratchDim=\dimen175
\MPnumerator=\count188
\makeMPintoPDFobject=\count189
\everyMPtoPDFconversion=\toks46
) (/usr/local/texlive/2014/texmf-dist/tex/generic/oberdiek/pdftexcmds.sty
Package: pdftexcmds 2011/11/29 v0.20 Utility functions of pdfTeX for LuaTeX (HO
)
Package pdftexcmds Info: LuaTeX not detected.
Package pdftexcmds Info: \pdf@primitive is available.
Package pdftexcmds Info: \pdf@ifprimitive is available.
Package pdftexcmds Info: \pdfdraftmode found.
)
(/usr/local/texlive/2014/texmf-dist/tex/latex/oberdiek/epstopdf-base.sty
Package: epstopdf-base 2010/02/09 v2.5 Base part for package epstopdf

(/usr/local/texlive/2014/texmf-dist/tex/latex/oberdiek/grfext.sty
Package: grfext 2010/08/19 v1.1 Manage graphics extensions (HO)

(/usr/local/texlive/2014/texmf-dist/tex/generic/oberdiek/kvdefinekeys.sty
Package: kvdefinekeys 2011/04/07 v1.3 Define keys (HO)
))
(/usr/local/texlive/2014/texmf-dist/tex/latex/oberdiek/kvoptions.sty
Package: kvoptions 2011/06/30 v3.11 Key value format for package options (HO)

(/usr/local/texlive/2014/texmf-dist/tex/generic/oberdiek/kvsetkeys.sty
Package: kvsetkeys 2012/04/25 v1.16 Key value parser (HO)

(/usr/local/texlive/2014/texmf-dist/tex/generic/oberdiek/etexcmds.sty
Package: etexcmds 2011/02/16 v1.5 Avoid name clashes with e-TeX commands (HO)
Package etexcmds Info: Could not find \expanded.
(etexcmds)             That can mean that you are not using pdfTeX 1.50 or
(etexcmds)             that some package has redefined \expanded.
(etexcmds)             In the latter case, load this package earlier.
)))
Package grfext Info: Graphics extension search list:
(grfext)             [.png,.pdf,.jpg,.mps,.jpeg,.jbig2,.jb2,.PNG,.PDF,.JPG,.JPE
G,.JBIG2,.JB2,.eps]
(grfext)             \AppendGraphicsExtensions on input line 452.

(/usr/local/texlive/2014/texmf-dist/tex/latex/latexconfig/epstopdf-sys.cfg
File: epstopdf-sys.cfg 2010/07/13 v1.3 Configuration of (r)epstopdf for TeX Liv
e
))
LaTeX Info: Redefining \. on input line 126.
LaTeX Info: Redefining \% on input line 126.
\c@lstlisting=\count190

(/usr/local/texlive/2014/texmf-dist/tex/latex/ucs/data/uni-0.def
File: uni-0.def 2013/05/13 UCS: Unicode data U+0000..U+00FF
)
<./logo.pdf, id=1, 853.7496pt x 711.37767pt>
File: ./logo.pdf Graphic file (type pdf)
 <use ./logo.pdf>
Package pdftex.def Info: ./logo.pdf used on input line 135.
(pdftex.def)             Requested size: 133.20135pt x 110.98965pt.
LaTeX Font Info:    Try loading font information for U+msa on input line 158.

(/usr/local/texlive/2014/texmf-dist/tex/latex/amsfonts/umsa.fd
File: umsa.fd 2013/01/14 v3.01 AMS symbols A
)
LaTeX Font Info:    Try loading font information for U+msb on input line 158.

(/usr/local/texlive/2014/texmf-dist/tex/latex/amsfonts/umsb.fd
File: umsb.fd 2013/01/14 v3.01 AMS symbols B
) [1

{/usr/local/texlive/2014/texmf-var/fonts/map/pdftex/updmap/pdftex.map} <./logo.
pdf>]
[1


] [2

] [3

] (./tesis7.toc
LaTeX Info: Redefining \. on input line 3.
LaTeX Info: Redefining \% on input line 3.


LaTeX Font Warning: Font shape `OT1/cmr/bx/sc' undefined
(Font)              using `OT1/cmr/bx/n' instead on input line 11.


Package spanish Warning: Replacing `OT1/cmr/bx/sc' by 
(spanish)                faked small caps on input line 11.


Package spanish Warning: Replacing `OT1/cmr/bx/sc' by 
(spanish)                faked small caps on input line 12.


Overfull \hbox (0.72662pt too wide) detected at line 12
 []
 []

[4

])
LaTeX Info: Redefining \. on input line 218.
LaTeX Info: Redefining \% on input line 218.
 [5] (./tesis7.lof
LaTeX Info: Redefining \. on input line 1.
LaTeX Info: Redefining \% on input line 1.
 [6

])
LaTeX Info: Redefining \. on input line 220.
LaTeX Info: Redefining \% on input line 220.
 [7] (./tesis7.lot
LaTeX Info: Redefining \. on input line 1.
LaTeX Info: Redefining \% on input line 1.
) [8

]

Package natbib Warning: Citation `LMS 2' on page 1 undefined on input line 231.


[1


]
LaTeX Info: Redefining \. on input line 245.
LaTeX Info: Redefining \% on input line 245.


Class memoir Warning: The material used in the headers is too large
(15.71667pt) for the given head height (14.5pt), it is recommended to
either increase the head height or redesign the header
(in both cases you will find help in the memoir manual). on input line 245.


Overfull \vbox (1.21667pt too high) has occurred while \output is active []


[2]
LaTeX Info: Redefining \. on input line 256.
LaTeX Info: Redefining \% on input line 256.

Overfull \vbox (1.21667pt too high) has occurred while \output is active []


[3] [4

]
LaTeX Info: Redefining \. on input line 269.
LaTeX Info: Redefining \% on input line 269.

Overfull \vbox (1.21667pt too high) has occurred while \output is active []


[5]
LaTeX Info: Redefining \. on input line 275.
LaTeX Info: Redefining \% on input line 275.

Overfull \vbox (1.21667pt too high) has occurred while \output is active []


[6]

Package natbib Warning: Citation `Claypool1999' on page 7 undefined on input li
ne 282.

LaTeX Info: Redefining \. on input line 283.
LaTeX Info: Redefining \% on input line 283.

Overfull \vbox (1.21667pt too high) has occurred while \output is active []


[7]

Package natbib Warning: Citation `Information1997' on page 8 undefined on input
 line 284.

LaTeX Info: Redefining \. on input line 292.
LaTeX Info: Redefining \% on input line 292.

Overfull \vbox (1.21667pt too high) has occurred while \output is active []


[8]

Package natbib Warning: Citation `Billsus2000' on page 9 undefined on input lin
e 293.

LaTeX Info: Redefining \. on input line 299.
LaTeX Info: Redefining \% on input line 299.

Overfull \vbox (1.21667pt too high) has occurred while \output is active []


[9]

Package natbib Warning: Citation `Burke2002' on page 10 undefined on input line
 305.

LaTeX Info: Redefining \. on input line 306.
LaTeX Info: Redefining \% on input line 306.

Overfull \vbox (1.21667pt too high) has occurred while \output is active []


[10]
LaTeX Info: Redefining \. on input line 314.
LaTeX Info: Redefining \% on input line 314.

Overfull \vbox (1.21667pt too high) has occurred while \output is active []


[11]

Package natbib Warning: Citation `GuzmanAlvarez' on page 12 undefined on input 
line 315.


Package natbib Warning: Citation `Balabanovic1997' on page 12 undefined on inpu
t line 320.


Package natbib Warning: Citation `Claypool1999' on page 12 undefined on input l
ine 320.


Package natbib Warning: Citation `Schein2002' on page 12 undefined on input lin
e 320.


Package natbib Warning: Citation `Soboroff1999' on page 12 undefined on input l
ine 320.


Package natbib Warning: Citation `Basu1998' on page 12 undefined on input line 
320.

LaTeX Info: Redefining \. on input line 330.
LaTeX Info: Redefining \% on input line 330.

Overfull \vbox (1.21667pt too high) has occurred while \output is active []


[12]

Package natbib Warning: Citation `Porcel2004' on page 13 undefined on input lin
e 331.


Package natbib Warning: Citation `Porcel2004' on page 13 undefined on input lin
e 344.


Underfull \hbox (badness 10000) in paragraph at lines 343--345

 []

<./images/procesoRecomendacion2.pdf, id=86, 795.09044pt x 509.38306pt>
File: ./images/procesoRecomendacion2.pdf Graphic file (type pdf)

<use ./images/procesoRecomendacion2.pdf>
Package pdftex.def Info: ./images/procesoRecomendacion2.pdf used on input line 
350.
(pdftex.def)             Requested size: 266.40271pt x 170.67741pt.
LaTeX Info: Redefining \. on input line 353.
LaTeX Info: Redefining \% on input line 353.

Overfull \vbox (1.21667pt too high) has occurred while \output is active []


[13]

Package natbib Warning: Citation `Yager2003' on page 14 undefined on input line
 355.

LaTeX Info: Redefining \. on input line 363.
LaTeX Info: Redefining \% on input line 363.

Overfull \vbox (1.21667pt too high) has occurred while \output is active []


[14 <./images/procesoRecomendacion2.pdf>]
LaTeX Info: Redefining \. on input line 376.
LaTeX Info: Redefining \% on input line 376.

Overfull \vbox (1.21667pt too high) has occurred while \output is active []


[15]

Package natbib Warning: Citation `Yager2003' on page 16 undefined on input line
 379.


Package natbib Warning: Citation `Porcel2004' on page 16 undefined on input lin
e 379.

LaTeX Info: Redefining \. on input line 386.
LaTeX Info: Redefining \% on input line 386.

Overfull \vbox (1.21667pt too high) has occurred while \output is active []


[16]

Package natbib Warning: Citation `GalanNieto1994' on page 17 undefined on input
 line 391.


Package natbib Warning: Citation `Adomavicius2005' on page 17 undefined on inpu
t line 395.


Package natbib Warning: Citation `Herlocker1991' on page 17 undefined on input 
line 395.


Package natbib Warning: Citation `Ramezani0000' on page 17 undefined on input l
ine 395.

LaTeX Info: Redefining \. on input line 397.
LaTeX Info: Redefining \% on input line 397.

Overfull \vbox (1.21667pt too high) has occurred while \output is active []


[17]

Package amsmath Warning: Foreign command \over;
(amsmath)                \frac or \genfrac should be used instead
(amsmath)                 on input line 403.

LaTeX Info: Redefining \. on input line 412.
LaTeX Info: Redefining \% on input line 412.

Overfull \vbox (1.21667pt too high) has occurred while \output is active []


[18]
LaTeX Info: Redefining \. on input line 427.
LaTeX Info: Redefining \% on input line 427.

Overfull \vbox (1.21667pt too high) has occurred while \output is active []


[19]
LaTeX Info: Redefining \. on input line 442.
LaTeX Info: Redefining \% on input line 442.

Overfull \vbox (1.21667pt too high) has occurred while \output is active []


[20]

Package natbib Warning: Citation `GalanNieto1994' on page 21 undefined on input
 line 445.


Package natbib Warning: Citation `Ramezani0000' on page 21 undefined on input l
ine 449.


Package natbib Warning: Citation `Sarwar2001' on page 21 undefined on input lin
e 451.


Package natbib Warning: Citation `Deshpande2004' on page 21 undefined on input 
line 451.

LaTeX Info: Redefining \. on input line 456.
LaTeX Info: Redefining \% on input line 456.

Overfull \vbox (1.21667pt too high) has occurred while \output is active []


[21]

Package natbib Warning: Citation `PerezCordon2008' on page 22 undefined on inpu
t line 464.


Underfull \hbox (badness 10000) in paragraph at lines 464--465

 []

LaTeX Info: Redefining \. on input line 465.
LaTeX Info: Redefining \% on input line 465.

Overfull \vbox (1.21667pt too high) has occurred while \output is active []


[22] <./images/esquemaBC2.pdf, id=131, 873.62384pt x 369.90193pt>
File: ./images/esquemaBC2.pdf Graphic file (type pdf)

<use ./images/esquemaBC2.pdf>
Package pdftex.def Info: ./images/esquemaBC2.pdf used on input line 470.
(pdftex.def)             Requested size: 399.59729pt x 169.19743pt.
LaTeX Info: Redefining \. on input line 489.
LaTeX Info: Redefining \% on input line 489.

Overfull \vbox (1.21667pt too high) has occurred while \output is active []


[23 <./images/esquemaBC2.pdf>]

Package natbib Warning: Citation `PerezCordon2008' on page 24 undefined on inpu
t line 499.


Package natbib Warning: Citation `Balabanovic1997' on page 24 undefined on inpu
t line 502.

LaTeX Info: Redefining \. on input line 503.
LaTeX Info: Redefining \% on input line 503.

Overfull \vbox (1.21667pt too high) has occurred while \output is active []


[24]

Package natbib Warning: Citation `Terveen1997' on page 25 undefined on input li
ne 506.


Package natbib Warning: Citation `Rucker1997' on page 25 undefined on input lin
e 508.

LaTeX Info: Redefining \. on input line 510.
LaTeX Info: Redefining \% on input line 510.

Overfull \vbox (1.21667pt too high) has occurred while \output is active []


[25]

Package natbib Warning: Citation `Resnick1997' on page 26 undefined on input li
ne 512.

LaTeX Info: Redefining \. on input line 513.
LaTeX Info: Redefining \% on input line 513.

Overfull \vbox (1.21667pt too high) has occurred while \output is active []


[26]

Package natbib Warning: Citation `Resnick1997' on page 27 undefined on input li
ne 515.


Underfull \hbox (badness 4927) in paragraph at lines 523--523
\OT1/cmr/m/n/10 de la re-co-
 []


Underfull \hbox (badness 3449) in paragraph at lines 523--523
[]|\OT1/cmr/m/n/10 ?`La en-tra-da
 []


Underfull \hbox (badness 10000) in paragraph at lines 523--523
[]|\OT1/cmr/m/n/10 ?`Es an^^Soni-
 []


Underfull \hbox (badness 10000) in paragraph at lines 523--523
[]|\OT1/cmr/m/n/10 Modo de
 []


Underfull \hbox (badness 5893) in paragraph at lines 523--524
[]|\OT1/cmr/m/n/10 Uso de las
 []


Underfull \hbox (badness 10000) in paragraph at lines 523--524
\OT1/cmr/m/n/10 re-co-men-da-
 []


Underfull \hbox (badness 10000) in paragraph at lines 525--525
[]|\OT1/cmr/m/n/10 Ponderaci^^Son
 []


Underfull \hbox (badness 10000) in paragraph at lines 525--525
\OT1/cmr/m/n/10 per-so-na-
 []


Underfull \hbox (badness 10000) in paragraph at lines 525--525
\OT1/cmr/m/n/10 li-za-da;
 []


Underfull \hbox (badness 10000) in paragraph at lines 525--525
\OT1/cmr/m/n/10 com-bi-na-da
 []


Underfull \hbox (badness 10000) in paragraph at lines 525--525
\OT1/cmr/m/n/10 con an^^Sali-sis
 []


Underfull \hbox (badness 10000) in paragraph at lines 525--526
[]|\OT1/cmr/m/n/10 Selecci^^Son/-fil-
 []


Underfull \hbox (badness 10000) in paragraph at lines 527--527
[]|\OT1/cmr/m/n/10 Menci^^Son de
 []


Underfull \hbox (badness 10000) in paragraph at lines 527--527
\OT1/cmr/m/n/10 una per-
 []


Underfull \hbox (badness 10000) in paragraph at lines 527--527
\OT1/cmr/m/n/10 so-na o un
 []


Underfull \hbox (badness 10000) in paragraph at lines 527--527
[]|\OT1/cmr/m/n/10 Extra^^S^^Pdas
 []


Underfull \hbox (badness 10000) in paragraph at lines 527--527
\OT1/cmr/m/n/10 de fuen-tes
 []


Underfull \hbox (badness 10000) in paragraph at lines 527--527
\OT1/cmr/m/n/10 p^^Subli-cas de
 []


Underfull \hbox (badness 10000) in paragraph at lines 527--527
[]|\OT1/cmr/m/n/10 Montar
 []


Underfull \hbox (badness 10000) in paragraph at lines 527--527
\OT1/cmr/m/n/10 ca-de-na de
 []


Underfull \hbox (badness 10000) in paragraph at lines 527--527
\OT1/cmr/m/n/10 la per-so-na
 []


Underfull \hbox (badness 10000) in paragraph at lines 529--529
[]|\OT1/cmr/m/n/10 Menci^^Son de
 []


Underfull \hbox (badness 10000) in paragraph at lines 529--529
[]|\OT1/cmr/m/n/10 Extra^^S^^Pdos
 []


Underfull \hbox (badness 10000) in paragraph at lines 529--529
\OT1/cmr/m/n/10 de pu-bli-
 []


Underfull \hbox (badness 10000) in paragraph at lines 529--529
\OT1/cmr/m/n/10 ca-cio-nes
 []


Underfull \hbox (badness 10000) in paragraph at lines 529--530
[]|\OT1/cmr/m/n/10 Ordenados
 []


Underfull \hbox (badness 10000) in paragraph at lines 531--531
[]|\OT1/cmr/m/n/10 Menci^^Son de
 []


Underfull \hbox (badness 10000) in paragraph at lines 531--531
[]|\OT1/cmr/m/n/10 Extra^^S^^Pdos
 []


Underfull \hbox (badness 5563) in paragraph at lines 531--531
\OT1/cmr/m/n/10 de las car-
 []


Underfull \hbox (badness 10000) in paragraph at lines 531--531
\OT1/cmr/m/n/10 pe-tas de
 []


Underfull \hbox (badness 10000) in paragraph at lines 531--531
\OT1/cmr/m/n/10 mar-ca-do-res
 []


Underfull \hbox (badness 10000) in paragraph at lines 531--531
[]|\OT1/cmr/m/n/10 Frecuencia
 []


Underfull \hbox (badness 10000) in paragraph at lines 531--531
\OT1/cmr/m/n/10 de men-ci^^Son
 []


Underfull \hbox (badness 10000) in paragraph at lines 531--531
\OT1/cmr/m/n/10 po-si-ci^^Son de
 []


Underfull \hbox (badness 10000) in paragraph at lines 533--533
[]|\OT1/cmr/m/n/10 Num^^Serica:1-
 []


Underfull \hbox (badness 10000) in paragraph at lines 533--533
[]|\OT1/cmr/m/n/10 Por clien-te,
 []


Underfull \hbox (badness 1831) in paragraph at lines 533--533
\OT1/cmr/m/n/10 va-lo-ra to-dos
 []


Underfull \hbox (badness 1975) in paragraph at lines 535--535
[]|\OT1/cmr/m/n/10 Por usua-rio,
 []


Underfull \hbox (badness 1831) in paragraph at lines 535--535
\OT1/cmr/m/n/10 va-lo-ra to-dos
 []


Underfull \hbox (badness 5288) in paragraph at lines 535--535
\OT1/cmr/m/n/10 los as-pec-tos
 []


Underfull \hbox (badness 2253) in paragraph at lines 535--535
\OT1/cmr/m/n/10 de un es-ta-
 []


Underfull \hbox (badness 10000) in paragraph at lines 535--536
[]|\OT1/cmr/m/n/10 Pantalla,
 []


Underfull \hbox (badness 10000) in paragraph at lines 535--536
\OT1/cmr/m/n/10 su-ge-ren-cias
 []


Package natbib Warning: Citation `wikipedia2' on page 27 undefined on input lin
e 546.

LaTeX Info: Redefining \. on input line 547.
LaTeX Info: Redefining \% on input line 547.

Overfull \vbox (1.21667pt too high) has occurred while \output is active []


[27]

Package natbib Warning: Citation `Jang1997' on page 28 undefined on input line 
555.

LaTeX Info: Redefining \. on input line 556.
LaTeX Info: Redefining \% on input line 556.

Overfull \vbox (1.21667pt too high) has occurred while \output is active []


[28]

Package natbib Warning: Citation `Jang1997' on page 29 undefined on input line 
571.


Underfull \hbox (badness 10000) in paragraph at lines 571--572

 []

LaTeX Info: Redefining \. on input line 572.
LaTeX Info: Redefining \% on input line 572.

Overfull \vbox (1.21667pt too high) has occurred while \output is active []


[29] <./images/fuzzy11.pdf, id=162, 782.68411pt x 438.1971pt>
File: ./images/fuzzy11.pdf Graphic file (type pdf)

<use ./images/fuzzy11.pdf>
Package pdftex.def Info: ./images/fuzzy11.pdf used on input line 577.
(pdftex.def)             Requested size: 266.40271pt x 149.15219pt.


Package natbib Warning: Citation `Jang1997' on page 30 undefined on input line 
586.


Underfull \hbox (badness 10000) in paragraph at lines 586--587

 []

LaTeX Info: Redefining \. on input line 587.
LaTeX Info: Redefining \% on input line 587.

Overfull \vbox (1.21667pt too high) has occurred while \output is active []


[30 <./images/fuzzy11.pdf>]
<./images/fuzzy22.pdf, id=173, 795.09044pt x 426.8748pt>
File: ./images/fuzzy22.pdf Graphic file (type pdf)

<use ./images/fuzzy22.pdf>
Package pdftex.def Info: ./images/fuzzy22.pdf used on input line 592.
(pdftex.def)             Requested size: 266.40271pt x 143.03162pt.


Package natbib Warning: Citation `Jang1997' on page 31 undefined on input line 
603.


Underfull \hbox (badness 10000) in paragraph at lines 605--607

 []

LaTeX Info: Redefining \. on input line 607.
LaTeX Info: Redefining \% on input line 607.

Overfull \vbox (1.21667pt too high) has occurred while \output is active []


[31 <./images/fuzzy22.pdf>]
<./images/fuzzy33.pdf, id=186, 795.09044pt x 426.8748pt>
File: ./images/fuzzy33.pdf Graphic file (type pdf)

<use ./images/fuzzy33.pdf>
Package pdftex.def Info: ./images/fuzzy33.pdf used on input line 612.
(pdftex.def)             Requested size: 266.40271pt x 143.03162pt.
LaTeX Info: Redefining \. on input line 617.
LaTeX Info: Redefining \% on input line 617.

Overfull \vbox (1.21667pt too high) has occurred while \output is active []


[32 <./images/fuzzy33.pdf>]

Package natbib Warning: Citation `Garciavaldez2009' on page 33 undefined on inp
ut line 626.


Underfull \hbox (badness 10000) in paragraph at lines 626--627

 []

<./images/bd.pdf, id=197, 873.50339pt x 606.10443pt>
File: ./images/bd.pdf Graphic file (type pdf)
 <use ./images/bd.pdf>
Package pdftex.def Info: ./images/bd.pdf used on input line 632.
(pdftex.def)             Requested size: 399.59729pt x 277.26694pt.

[33

]

Package natbib Warning: Citation `Burke2002' on page 34 undefined on input line
 638.

LaTeX Info: Redefining \. on input line 641.
LaTeX Info: Redefining \% on input line 641.

Overfull \vbox (1.21667pt too high) has occurred while \output is active []


[34 <./images/bd.pdf>]

Package natbib Warning: Citation `Garciavaldez2009' on page 35 undefined on inp
ut line 661.

<./images/filtradoColaborativo.pdf, id=212, 795.09044pt x 313.04956pt>
File: ./images/filtradoColaborativo.pdf Graphic file (type pdf)

<use ./images/filtradoColaborativo.pdf>
Package pdftex.def Info: ./images/filtradoColaborativo.pdf used on input line 6
67.
(pdftex.def)             Requested size: 266.40271pt x 104.89255pt.
LaTeX Info: Redefining \. on input line 670.
LaTeX Info: Redefining \% on input line 670.

Overfull \vbox (1.21667pt too high) has occurred while \output is active []


[35]
Underfull \hbox (badness 10000) in paragraph at lines 673--674

 []

<./images/basadoContenido.pdf, id=216, 795.09044pt x 512.27383pt>
File: ./images/basadoContenido.pdf Graphic file (type pdf)

<use ./images/basadoContenido.pdf>
Package pdftex.def Info: ./images/basadoContenido.pdf used on input line 679.
(pdftex.def)             Requested size: 266.40271pt x 171.64601pt.
LaTeX Info: Redefining \. on input line 685.
LaTeX Info: Redefining \% on input line 685.

Overfull \vbox (1.21667pt too high) has occurred while \output is active []


[36 <./images/filtradoColaborativo.pdf> <./images/basadoContenido.pdf

pdfTeX warning: /usr/texbin/pdflatex (file ./images/basadoContenido.pdf): PDF i
nclusion: multiple pdfs with page group included in a single page
>]
Underfull \hbox (badness 10000) in paragraph at lines 695--696

 []

<./images/fisExperto.pdf, id=233, 795.09044pt x 426.8748pt>
File: ./images/fisExperto.pdf Graphic file (type pdf)

<use ./images/fisExperto.pdf>
Package pdftex.def Info: ./images/fisExperto.pdf used on input line 701.
(pdftex.def)             Requested size: 310.79865pt x 166.86479pt.
LaTeX Info: Redefining \. on input line 708.
LaTeX Info: Redefining \% on input line 708.

Overfull \vbox (1.21667pt too high) has occurred while \output is active []


[37 <./images/fisExperto.pdf>]
LaTeX Info: Redefining \. on input line 726.
LaTeX Info: Redefining \% on input line 726.

Overfull \vbox (1.21667pt too high) has occurred while \output is active []


[38]
Underfull \hbox (badness 10000) in paragraph at lines 731--732

 []

<./images/fisIntegrador.pdf, id=247, 795.09044pt x 426.8748pt>
File: ./images/fisIntegrador.pdf Graphic file (type pdf)

<use ./images/fisIntegrador.pdf>
Package pdftex.def Info: ./images/fisIntegrador.pdf used on input line 737.
(pdftex.def)             Requested size: 310.79865pt x 166.86479pt.
LaTeX Info: Redefining \. on input line 747.
LaTeX Info: Redefining \% on input line 747.

Overfull \vbox (1.21667pt too high) has occurred while \output is active []


[39 <./images/fisIntegrador.pdf>]
LaTeX Info: Redefining \. on input line 792.
LaTeX Info: Redefining \% on input line 792.

Overfull \vbox (1.21667pt too high) has occurred while \output is active []


[40]
LaTeX Info: Redefining \. on input line 804.
LaTeX Info: Redefining \% on input line 804.

Overfull \vbox (1.21667pt too high) has occurred while \output is active []


[41]
LaTeX Info: Redefining \. on input line 813.
LaTeX Info: Redefining \% on input line 813.

Overfull \vbox (1.21667pt too high) has occurred while \output is active []


[42] <./images/arquitectura2.pdf, id=268, 873.62384pt x 569.12625pt>
File: ./images/arquitectura2.pdf Graphic file (type pdf)

<use ./images/arquitectura2.pdf>
Package pdftex.def Info: ./images/arquitectura2.pdf used on input line 822.
(pdftex.def)             Requested size: 399.59729pt x 260.32495pt.
LaTeX Info: Redefining \. on input line 827.
LaTeX Info: Redefining \% on input line 827.

Overfull \vbox (1.21667pt too high) has occurred while \output is active []


[43 <./images/arquitectura2.pdf>]

Package natbib Warning: Citation `Burke2002' on page 44 undefined on input line
 831.


Package natbib Warning: Citation `PerezCordon2008' on page 44 undefined on inpu
t line 833.

[44

]

Package natbib Warning: Citation `Drake2000' on page 45 undefined on input line
 842.


Package natbib Warning: Citation `Django2008' on page 45 undefined on input lin
e 842.

LaTeX Info: Redefining \. on input line 845.
LaTeX Info: Redefining \% on input line 845.

Overfull \vbox (1.21667pt too high) has occurred while \output is active []


[45] <./images/p1.pdf, id=285, 873.62384pt x 569.12625pt>
File: ./images/p1.pdf Graphic file (type pdf)

<use ./images/p1.pdf>
Package pdftex.def Info: ./images/p1.pdf used on input line 857.
(pdftex.def)             Requested size: 310.79865pt x 202.4711pt.
LaTeX Info: Redefining \. on input line 862.
LaTeX Info: Redefining \% on input line 862.

Overfull \vbox (1.21667pt too high) has occurred while \output is active []


[46 <./images/p1.pdf>]
Underfull \hbox (badness 10000) in paragraph at lines 865--866

 []

<./images/p2.pdf, id=297, 873.62384pt x 512.27383pt>
File: ./images/p2.pdf Graphic file (type pdf)
 <use ./images/p2.pdf>
Package pdftex.def Info: ./images/p2.pdf used on input line 871.
(pdftex.def)             Requested size: 355.20135pt x 208.28268pt.

Underfull \hbox (badness 10000) in paragraph at lines 875--876

 []

LaTeX Info: Redefining \. on input line 876.
LaTeX Info: Redefining \% on input line 876.

Overfull \vbox (1.21667pt too high) has occurred while \output is active []


[47 <./images/p2.pdf>] <./images/p3.pdf, id=308, 788.22482pt x 512.27383pt>
File: ./images/p3.pdf Graphic file (type pdf)

<use ./images/p3.pdf>
Package pdftex.def Info: ./images/p3.pdf used on input line 881.
(pdftex.def)             Requested size: 355.20135pt x 230.84938pt.
LaTeX Info: Redefining \. on input line 889.
LaTeX Info: Redefining \% on input line 889.

Overfull \vbox (1.21667pt too high) has occurred while \output is active []


[48 <./images/p3.pdf>] <./images/p4.pdf, id=319, 700.0554pt x 512.27383pt>
File: ./images/p4.pdf Graphic file (type pdf)

<use ./images/p4.pdf>
Package pdftex.def Info: ./images/p4.pdf used on input line 899.
(pdftex.def)             Requested size: 355.20135pt x 259.92735pt.

Underfull \hbox (badness 10000) in paragraph at lines 903--904

 []

<./images/p5.pdf, id=320, 574.78741pt x 369.90193pt>
File: ./images/p5.pdf Graphic file (type pdf)
 <use ./images/p5.pdf>
Package pdftex.def Info: ./images/p5.pdf used on input line 909.
(pdftex.def)             Requested size: 355.20135pt x 228.58614pt.
LaTeX Info: Redefining \. on input line 912.
LaTeX Info: Redefining \% on input line 912.

Overfull \vbox (1.21667pt too high) has occurred while \output is active []


[49 <./images/p4.pdf>]
(/usr/local/texlive/2014/texmf-dist/tex/latex/ucs/data/uni-32.def
File: uni-32.def 2013/05/13 UCS: Unicode data U+2000..U+20FF
)
<./images/p6.pdf, id=331, 574.78741pt x 500.83109pt>
File: ./images/p6.pdf Graphic file (type pdf)
 <use ./images/p6.pdf>
Package pdftex.def Info: ./images/p6.pdf used on input line 919.
(pdftex.def)             Requested size: 355.20135pt x 309.49567pt.
LaTeX Info: Redefining \. on input line 922.
LaTeX Info: Redefining \% on input line 922.

Overfull \vbox (1.21667pt too high) has occurred while \output is active []


[50 <./images/p5.pdf>] <./images/p7.pdf, id=343, 574.78741pt x 500.83109pt>
File: ./images/p7.pdf Graphic file (type pdf)

<use ./images/p7.pdf>
Package pdftex.def Info: ./images/p7.pdf used on input line 931.
(pdftex.def)             Requested size: 355.20135pt x 309.49567pt.
LaTeX Info: Redefining \. on input line 934.
LaTeX Info: Redefining \% on input line 934.

Overfull \vbox (1.21667pt too high) has occurred while \output is active []


[51 <./images/p6.pdf>]

Package natbib Warning: Citation `PerezCordon2008' on page 52 undefined on inpu
t line 938.

LaTeX Info: Redefining \. on input line 943.
LaTeX Info: Redefining \% on input line 943.

Overfull \vbox (1.21667pt too high) has occurred while \output is active []


[52 <./images/p7.pdf>]

Package natbib Warning: Citation `Burke2002' on page 53 undefined on input line
 953.


Package natbib Warning: Citation `Cristian2010' on page 53 undefined on input l
ine 955.


Package natbib Warning: Citation `Adomavicius2005' on page 53 undefined on inpu
t line 955.


Underfull \hbox (badness 10000) in paragraph at lines 955--957

 []

LaTeX Info: Redefining \. on input line 957.
LaTeX Info: Redefining \% on input line 957.

Overfull \vbox (1.21667pt too high) has occurred while \output is active []


[53] <./images/p8.pdf, id=368, 574.78741pt x 500.83109pt>
File: ./images/p8.pdf Graphic file (type pdf)

<use ./images/p8.pdf>
Package pdftex.def Info: ./images/p8.pdf used on input line 962.
(pdftex.def)             Requested size: 355.20135pt x 309.49567pt.
LaTeX Info: Redefining \. on input line 967.
LaTeX Info: Redefining \% on input line 967.

Overfull \vbox (1.21667pt too high) has occurred while \output is active []


[54 <./images/p8.pdf>]

Package natbib Warning: Citation `Adomavicius2005' on page 55 undefined on inpu
t line 971.


Package natbib Warning: Citation `Herlocker1991' on page 55 undefined on input 
line 971.


Package natbib Warning: Citation `Herlocker2004' on page 55 undefined on input 
line 973.

[55

]

Package natbib Warning: Citation `GalanNieto1994' on page 56 undefined on input
 line 989.

LaTeX Info: Redefining \. on input line 990.
LaTeX Info: Redefining \% on input line 990.

Overfull \vbox (1.21667pt too high) has occurred while \output is active []


[56]
LaTeX Info: Redefining \. on input line 1002.
LaTeX Info: Redefining \% on input line 1002.

Overfull \vbox (1.21667pt too high) has occurred while \output is active []


[57]

Package natbib Warning: Citation `Herlocker2004' on page 58 undefined on input 
line 1007.


Package natbib Warning: Citation `Sarwar2001' on page 58 undefined on input lin
e 1007.


Package natbib Warning: Citation `Basu1998' on page 58 undefined on input line 
1007.


Package natbib Warning: Citation `Billsus1998' on page 58 undefined on input li
ne 1007.


Package natbib Warning: Citation `Hanley1982' on page 58 undefined on input lin
e 1011.


Package natbib Warning: Citation `Herlocker2004' on page 58 undefined on input 
line 1011.

LaTeX Info: Redefining \. on input line 1012.
LaTeX Info: Redefining \% on input line 1012.

Overfull \vbox (1.21667pt too high) has occurred while \output is active []


[58]
Underfull \hbox (badness 10000) in paragraph at lines 1023--1024

 []

LaTeX Info: Redefining \. on input line 1056.
LaTeX Info: Redefining \% on input line 1056.

Overfull \vbox (1.21667pt too high) has occurred while \output is active []


[59]
LaTeX Info: Redefining \. on input line 1099.
LaTeX Info: Redefining \% on input line 1099.

Overfull \vbox (1.21667pt too high) has occurred while \output is active []


[60] <./images/graficarmsd.pdf, id=398, 795.09044pt x 569.12625pt>
File: ./images/graficarmsd.pdf Graphic file (type pdf)

<use ./images/graficarmsd.pdf>
Package pdftex.def Info: ./images/graficarmsd.pdf used on input line 1104.
(pdftex.def)             Requested size: 355.20135pt x 254.25471pt.


Package natbib Warning: Citation `GalanNieto1994' on page 61 undefined on input
 line 1108.


Package natbib Warning: Citation `Burke2002' on page 61 undefined on input line
 1108.


Package natbib Warning: Citation `Garciavaldez2009' on page 61 undefined on inp
ut line 1108.


Package natbib Warning: Citation `Adomavicius2005' on page 61 undefined on inpu
t line 1108.

LaTeX Info: Redefining \. on input line 1112.
LaTeX Info: Redefining \% on input line 1112.

Overfull \vbox (1.21667pt too high) has occurred while \output is active []


[61 <./images/graficarmsd.pdf>]

Package natbib Warning: Citation `Garciavaldez2009' on page 62 undefined on inp
ut line 1116.

LaTeX Info: Redefining \. on input line 1123.
LaTeX Info: Redefining \% on input line 1123.

Overfull \vbox (1.21667pt too high) has occurred while \output is active []


[62]
LaTeX Info: Redefining \. on input line 1155.
LaTeX Info: Redefining \% on input line 1155.

Overfull \vbox (1.21667pt too high) has occurred while \output is active []


[63] [64

]

Package natbib Warning: Citation `Segaran2007' on page 65 undefined on input li
ne 1170.


Package natbib Warning: Citation `Burke2002' on page 65 undefined on input line
 1170.


Underfull \hbox (badness 10000) in paragraph at lines 1174--1175

 []

LaTeX Info: Redefining \. on input line 1177.
LaTeX Info: Redefining \% on input line 1177.

Overfull \vbox (1.21667pt too high) has occurred while \output is active []


[65]
LaTeX Info: Redefining \. on input line 1189.
LaTeX Info: Redefining \% on input line 1189.

Overfull \vbox (1.21667pt too high) has occurred while \output is active []


[66]

Package natbib Warning: Citation `Espinilla2009' on page 67 undefined on input 
line 1191.

LaTeX Info: Redefining \. on input line 1195.
LaTeX Info: Redefining \% on input line 1195.

Overfull \vbox (1.21667pt too high) has occurred while \output is active []


[67]
LaTeX Info: Redefining \. on input line 1204.
LaTeX Info: Redefining \% on input line 1204.

Overfull \vbox (1.21667pt too high) has occurred while \output is active []


[68] [69

] (/usr/local/texlive/2014/texmf-dist/tex/latex/listings/lstlang1.sty
File: lstlang1.sty 2014/03/04 1.5c listings language file
)
LaTeX Font Info:    Try loading font information for OMS+cmr on input line 1223
.

(/usr/local/texlive/2014/texmf-dist/tex/latex/base/omscmr.fd
File: omscmr.fd 1999/05/25 v2.5h Standard LaTeX font definitions
)
LaTeX Font Info:    Font shape `OMS/cmr/m/n' in size <9> not available
(Font)              Font shape `OMS/cmsy/m/n' tried instead on input line 1223.

 [70

]
LaTeX Info: Redefining \. on input line 1282.
LaTeX Info: Redefining \% on input line 1282.

Overfull \vbox (1.21667pt too high) has occurred while \output is active []


[71]
LaTeX Info: Redefining \. on input line 1320.
LaTeX Info: Redefining \% on input line 1320.

Overfull \vbox (1.21667pt too high) has occurred while \output is active []


[72]
Overfull \hbox (22.20154pt too wide) in paragraph at lines 1332--1333
[][][][][][][][][][][][][][][][][][][][][][][][][][][] 
 []


Overfull \hbox (22.20154pt too wide) in paragraph at lines 1333--1335
[][][][][][][][][][][][][][][][][][][][][][][][][][][] 
 []

LaTeX Info: Redefining \. on input line 1358.
LaTeX Info: Redefining \% on input line 1358.

Overfull \vbox (1.21667pt too high) has occurred while \output is active []


[73]
Overfull \hbox (11.1015pt too wide) in paragraph at lines 1390--1391
[][][][][][][][][][][][][][][][][][][][][][][][][][][][][] 
 []

LaTeX Info: Redefining \. on input line 1396.
LaTeX Info: Redefining \% on input line 1396.

Overfull \vbox (1.21667pt too high) has occurred while \output is active []


[74]
LaTeX Font Info:    Try loading font information for OML+cmr on input line 1405
.
 (/usr/local/texlive/2014/texmf-dist/tex/latex/base/omlcmr.fd
File: omlcmr.fd 1999/05/25 v2.5h Standard LaTeX font definitions
)
LaTeX Font Info:    Font shape `OML/cmr/m/n' in size <9> not available
(Font)              Font shape `OML/cmm/m/it' tried instead on input line 1405.

LaTeX Info: Redefining \. on input line 1434.
LaTeX Info: Redefining \% on input line 1434.

Overfull \vbox (1.21667pt too high) has occurred while \output is active []


[75]
LaTeX Info: Redefining \. on input line 1473.
LaTeX Info: Redefining \% on input line 1473.

Overfull \vbox (1.21667pt too high) has occurred while \output is active []


[76]
LaTeX Info: Redefining \. on input line 1510.
LaTeX Info: Redefining \% on input line 1510.

Overfull \vbox (1.21667pt too high) has occurred while \output is active []


[77]
LaTeX Info: Redefining \. on input line 1548.
LaTeX Info: Redefining \% on input line 1548.

Overfull \vbox (1.21667pt too high) has occurred while \output is active []


[78]
LaTeX Info: Redefining \. on input line 1586.
LaTeX Info: Redefining \% on input line 1586.

Overfull \vbox (1.21667pt too high) has occurred while \output is active []


[79]
Overfull \hbox (22.20154pt too wide) in paragraph at lines 1608--1610
[][][][][][][][][][][][][][][][][][][][][][][][][][][][][] 
 []

LaTeX Info: Redefining \. on input line 1624.
LaTeX Info: Redefining \% on input line 1624.

Overfull \vbox (1.21667pt too high) has occurred while \output is active []


[80]
LaTeX Info: Redefining \. on input line 1662.
LaTeX Info: Redefining \% on input line 1662.

Overfull \vbox (1.21667pt too high) has occurred while \output is active []


[81]
Overfull \hbox (3.06097pt too wide) in paragraph at lines 1691--1691
[]|\OT1/cmr/m/n/8 Usuarios| 
 []

LaTeX Info: Redefining \. on input line 1748.
LaTeX Info: Redefining \% on input line 1748.

Overfull \vbox (1.21667pt too high) has occurred while \output is active []


[82]

Class memoir Warning: The material used in the headers is too large
(15.71667pt) for the given head height (14.5pt), it is recommended to
either increase the head height or redesign the header
(in both cases you will find help in the memoir manual). on input line 1749.


Package natbib Warning: There were undefined citations.

LaTeX Info: Redefining \. on input line 1749.
LaTeX Info: Redefining \% on input line 1749.

Overfull \vbox (1.21667pt too high) has occurred while \output is active []


[83]
\tf@toc=\write4
\openout4 = `tesis7.toc'.

\tf@lof=\write5
\openout5 = `tesis7.lof'.

\tf@lot=\write6
\openout6 = `tesis7.lot'.

 (./tesis7.aux
LaTeX Info: Redefining \. on input line 9.
LaTeX Info: Redefining \% on input line 9.
)

LaTeX Font Warning: Some font shapes were not available, defaults substituted.

 ) 
Here is how much of TeX's memory you used:
 11736 strings out of 493117
 156246 string characters out of 6135433
 350148 words of memory out of 5000000
 14994 multiletter control sequences out of 15000+600000
 19237 words of font info for 72 fonts, out of 8000000 for 9000
 1141 hyphenation exceptions out of 8191
 42i,13n,40p,1362b,2047s stack positions out of 5000i,500n,10000p,200000b,80000s
</usr/local/texlive/2014/texmf-dist/fonts/type1/public/amsfonts/cm/cmbx10.pfb
></usr/local/texlive/2014/texmf-dist/fonts/type1/public/amsfonts/cm/cmbx12.pfb>
</usr/local/texlive/2014/texmf-dist/fonts/type1/public/amsfonts/cm/cmbx8.pfb></
usr/local/texlive/2014/texmf-dist/fonts/type1/public/amsfonts/cm/cmbx9.pfb></us
r/local/texlive/2014/texmf-dist/fonts/type1/public/amsfonts/cm/cmcsc10.pfb></us
r/local/texlive/2014/texmf-dist/fonts/type1/public/amsfonts/cm/cmex10.pfb></usr
/local/texlive/2014/texmf-dist/fonts/type1/public/amsfonts/cm/cmmi12.pfb></usr/
local/texlive/2014/texmf-dist/fonts/type1/public/amsfonts/cm/cmmi8.pfb></usr/lo
cal/texlive/2014/texmf-dist/fonts/type1/public/amsfonts/cm/cmmi9.pfb></usr/loca
l/texlive/2014/texmf-dist/fonts/type1/public/amsfonts/cm/cmr10.pfb></usr/local/
texlive/2014/texmf-dist/fonts/type1/public/amsfonts/cm/cmr12.pfb></usr/local/te
xlive/2014/texmf-dist/fonts/type1/public/amsfonts/cm/cmr6.pfb></usr/local/texli
ve/2014/texmf-dist/fonts/type1/public/amsfonts/cm/cmr7.pfb></usr/local/texlive/
2014/texmf-dist/fonts/type1/public/amsfonts/cm/cmr8.pfb></usr/local/texlive/201
4/texmf-dist/fonts/type1/public/amsfonts/cm/cmr9.pfb></usr/local/texlive/2014/t
exmf-dist/fonts/type1/public/amsfonts/cm/cmsl12.pfb></usr/local/texlive/2014/te
xmf-dist/fonts/type1/public/amsfonts/cm/cmsy10.pfb></usr/local/texlive/2014/tex
mf-dist/fonts/type1/public/amsfonts/cm/cmsy9.pfb></usr/local/texlive/2014/texmf
-dist/fonts/type1/public/amsfonts/cm/cmti12.pfb></usr/local/texlive/2014/texmf-
dist/fonts/type1/public/amsfonts/cm/cmti9.pfb></usr/local/texlive/2014/texmf-di
st/fonts/type1/public/amsfonts/cm/cmtt12.pfb>
Output written on tesis7.pdf (92 pages, 2558529 bytes).
PDF statistics:
 555 PDF objects out of 1000 (max. 8388607)
 372 compressed objects within 4 object streams
 0 named destinations out of 1000 (max. 500000)
 106 words of extra memory for PDF output out of 10000 (max. 10000000)

